2018-09-12 16:41:19,362 INFO [main] n.g.s.s.Springboot2LoggingApplication [StartupInfoLogger.java:50] Starting Springboot2LoggingApplication on GS-2996 with PID 17864 (C:\Ramesh_Study\spring-boot\spring-boot-articles\springboot2-logging\target\classes started by GS-1787 in C:\Ramesh_Study\spring-boot\spring-boot-articles\springboot2-logging)
2018-09-12 16:41:19,369 DEBUG [main] n.g.s.s.Springboot2LoggingApplication [StartupInfoLogger.java:53] Running with Spring Boot v2.0.4.RELEASE, Spring v5.0.8.RELEASE
2018-09-12 16:41:19,371 INFO [main] n.g.s.s.Springboot2LoggingApplication [SpringApplication.java:662] No active profile set, falling back to default profiles: default
2018-09-12 16:41:19,454 INFO [main] o.s.b.w.s.c.AnnotationConfigServletWebServerApplicationContext [AbstractApplicationContext.java:590] Refreshing org.springframework.boot.web.servlet.context.AnnotationConfigServletWebServerApplicationContext@61230f6a: startup date [Wed Sep 12 16:41:19 IST 2018]; root of context hierarchy
2018-09-12 16:41:20,552 INFO [main] o.s.b.w.e.t.TomcatWebServer [TomcatWebServer.java:91] Tomcat initialized with port(s): 8080 (http)
2018-09-12 16:41:20,563 INFO [main] o.a.c.h.Http11NioProtocol [DirectJDKLog.java:180] Initializing ProtocolHandler ["http-nio-8080"]
2018-09-12 16:41:20,571 INFO [main] o.a.c.c.StandardService [DirectJDKLog.java:180] Starting service [Tomcat]
2018-09-12 16:41:20,571 INFO [main] o.a.c.c.StandardEngine [DirectJDKLog.java:180] Starting Servlet Engine: Apache Tomcat/8.5.32
2018-09-12 16:41:20,576 INFO [localhost-startStop-1] o.a.c.c.AprLifecycleListener [DirectJDKLog.java:180] The APR based Apache Tomcat Native library which allows optimal performance in production environments was not found on the java.library.path: [C:\Program Files\Java\jre1.8.0_172\bin;C:\Windows\Sun\Java\bin;C:\Windows\system32;C:\Windows;C:/Program Files/Java/jre1.8.0_172/bin/server;C:/Program Files/Java/jre1.8.0_172/bin;C:/Program Files/Java/jre1.8.0_172/lib/amd64;C:\Program Files (x86)\Common Files\Oracle\Java\javapath;C:\Program Files (x86)\Intel\iCLS Client\;C:\Program Files\Intel\iCLS Client\;C:\Windows\system32;C:\Windows;C:\Windows\System32\Wbem;C:\Windows\System32\WindowsPowerShell\v1.0\;C:\Program Files\Intel\Intel(R) Management Engine Components\DAL;C:\Program Files (x86)\Intel\Intel(R) Management Engine Components\DAL;C:\Program Files\Intel\Intel(R) Management Engine Components\IPT;C:\Program Files (x86)\Intel\Intel(R) Management Engine Components\IPT;C:\Program Files\Intel\WiFi\bin\;C:\Program Files\Common Files\Intel\WirelessCommon\;C:\Program Files (x86)\Common Files\Lenovo;C:\Program Files (x86)\Common Files\lenovo\easyplussdk\bin;C:\ProgramData\Lenovo\ReadyApps;C:\Program Files\Java\jdk1.8.0_172\bin;C:\softwares\apache-maven-3.5.3-bin\apache-maven-3.5.3\bin;C:\Program Files\Git\cmd;C:\Program Files\TortoiseGit\bin;C:\softwares\spring-tool-suite-3.9.5.RELEASE-e4.8.0-win32-x86_64\sts-bundle\sts-3.9.5.RELEASE;;.]
2018-09-12 16:41:20,671 INFO [localhost-startStop-1] o.a.c.c.C.[.[.[/] [DirectJDKLog.java:180] Initializing Spring embedded WebApplicationContext
2018-09-12 16:41:20,672 INFO [localhost-startStop-1] o.s.w.c.ContextLoader [ServletWebServerApplicationContext.java:285] Root WebApplicationContext: initialization completed in 1222 ms
2018-09-12 16:41:20,732 INFO [localhost-startStop-1] o.s.b.w.s.ServletRegistrationBean [ServletRegistrationBean.java:187] Servlet dispatcherServlet mapped to [/]
2018-09-12 16:41:20,736 INFO [localhost-startStop-1] o.s.b.w.s.FilterRegistrationBean [AbstractFilterRegistrationBean.java:245] Mapping filter: 'characterEncodingFilter' to: [/*]
2018-09-12 16:41:20,736 INFO [localhost-startStop-1] o.s.b.w.s.FilterRegistrationBean [AbstractFilterRegistrationBean.java:245] Mapping filter: 'hiddenHttpMethodFilter' to: [/*]
2018-09-12 16:41:20,736 INFO [localhost-startStop-1] o.s.b.w.s.FilterRegistrationBean [AbstractFilterRegistrationBean.java:245] Mapping filter: 'httpPutFormContentFilter' to: [/*]
2018-09-12 16:41:20,736 INFO [localhost-startStop-1] o.s.b.w.s.FilterRegistrationBean [AbstractFilterRegistrationBean.java:245] Mapping filter: 'requestContextFilter' to: [/*]
2018-09-12 16:41:20,838 INFO [main] o.s.w.s.h.SimpleUrlHandlerMapping [AbstractUrlHandlerMapping.java:373] Mapped URL path [/**/favicon.ico] onto handler of type [class org.springframework.web.servlet.resource.ResourceHttpRequestHandler]
2018-09-12 16:41:21,009 INFO [main] o.s.w.s.m.m.a.RequestMappingHandlerAdapter [RequestMappingHandlerAdapter.java:574] Looking for @ControllerAdvice: org.springframework.boot.web.servlet.context.AnnotationConfigServletWebServerApplicationContext@61230f6a: startup date [Wed Sep 12 16:41:19 IST 2018]; root of context hierarchy
2018-09-12 16:41:21,056 INFO [main] o.s.w.s.m.m.a.RequestMappingHandlerMapping [AbstractHandlerMethodMapping.java:547] Mapped "{[/hello],methods=[GET]}" onto public java.util.List<net.guides.springboot2.springboot2logging.Article> net.guides.springboot2.springboot2logging.ArticleController.getArticles()
2018-09-12 16:41:21,061 INFO [main] o.s.w.s.m.m.a.RequestMappingHandlerMapping [AbstractHandlerMethodMapping.java:547] Mapped "{[/error]}" onto public org.springframework.http.ResponseEntity<java.util.Map<java.lang.String, java.lang.Object>> org.springframework.boot.autoconfigure.web.servlet.error.BasicErrorController.error(javax.servlet.http.HttpServletRequest)
2018-09-12 16:41:21,062 INFO [main] o.s.w.s.m.m.a.RequestMappingHandlerMapping [AbstractHandlerMethodMapping.java:547] Mapped "{[/error],produces=[text/html]}" onto public org.springframework.web.servlet.ModelAndView org.springframework.boot.autoconfigure.web.servlet.error.BasicErrorController.errorHtml(javax.servlet.http.HttpServletRequest,javax.servlet.http.HttpServletResponse)
2018-09-12 16:41:21,082 INFO [main] o.s.w.s.h.SimpleUrlHandlerMapping [AbstractUrlHandlerMapping.java:373] Mapped URL path [/webjars/**] onto handler of type [class org.springframework.web.servlet.resource.ResourceHttpRequestHandler]
2018-09-12 16:41:21,083 INFO [main] o.s.w.s.h.SimpleUrlHandlerMapping [AbstractUrlHandlerMapping.java:373] Mapped URL path [/**] onto handler of type [class org.springframework.web.servlet.resource.ResourceHttpRequestHandler]
2018-09-12 16:41:21,218 INFO [main] o.s.j.e.a.AnnotationMBeanExporter [MBeanExporter.java:433] Registering beans for JMX exposure on startup
2018-09-12 16:41:21,234 INFO [main] o.a.c.h.Http11NioProtocol [DirectJDKLog.java:180] Starting ProtocolHandler ["http-nio-8080"]
2018-09-12 16:41:21,244 INFO [main] o.a.t.u.n.NioSelectorPool [DirectJDKLog.java:180] Using a shared selector for servlet write/read
2018-09-12 16:41:21,260 INFO [main] o.s.b.w.e.t.TomcatWebServer [TomcatWebServer.java:206] Tomcat started on port(s): 8080 (http) with context path ''
2018-09-12 16:41:21,263 INFO [main] n.g.s.s.Springboot2LoggingApplication [StartupInfoLogger.java:59] Started Springboot2LoggingApplication in 2.236 seconds (JVM running for 3.222)
2018-09-12 16:41:26,852 INFO [http-nio-8080-exec-1] o.a.c.c.C.[.[.[/] [DirectJDKLog.java:180] Initializing Spring FrameworkServlet 'dispatcherServlet'
2018-09-12 16:41:26,853 INFO [http-nio-8080-exec-1] o.s.w.s.DispatcherServlet [FrameworkServlet.java:494] FrameworkServlet 'dispatcherServlet': initialization started
2018-09-12 16:41:26,871 INFO [http-nio-8080-exec-1] o.s.w.s.DispatcherServlet [FrameworkServlet.java:509] FrameworkServlet 'dispatcherServlet': initialization completed in 18 ms
2018-09-12 16:41:26,893 DEBUG [http-nio-8080-exec-1] n.g.s.s.ArticleService [ArticleController.java:18] inside ArticleController.getArticles() method
2018-09-12 16:41:26,893 DEBUG [http-nio-8080-exec-1] n.g.s.s.ArticleService [ArticleService.java:15] inside getArticles() method
2018-09-12 16:42:03,439 INFO [RMI TCP Connection(2)-127.0.0.1] o.s.b.a.SpringApplicationAdminMXBeanRegistrar$SpringApplicationAdmin [SpringApplicationAdminMXBeanRegistrar.java:132] Application shutdown requested.
2018-09-12 16:42:03,440 INFO [RMI TCP Connection(2)-127.0.0.1] o.s.b.w.s.c.AnnotationConfigServletWebServerApplicationContext [AbstractApplicationContext.java:993] Closing org.springframework.boot.web.servlet.context.AnnotationConfigServletWebServerApplicationContext@61230f6a: startup date [Wed Sep 12 16:41:19 IST 2018]; root of context hierarchy
2018-09-12 16:42:03,442 INFO [RMI TCP Connection(2)-127.0.0.1] o.s.j.e.a.AnnotationMBeanExporter [MBeanExporter.java:451] Unregistering JMX-exposed beans on shutdown
