2018-09-12 16:38:18.112  INFO 16400 --- [main] n.g.s.s.Springboot2LoggingApplication    : Starting Springboot2LoggingApplication on GS-2996 with PID 16400 (C:\Ramesh_Study\spring-boot\spring-boot-articles\springboot2-logging\target\classes started by GS-1787 in C:\Ramesh_Study\spring-boot\spring-boot-articles\springboot2-logging)
2018-09-12 16:38:18.115 DEBUG 16400 --- [main] n.g.s.s.Springboot2LoggingApplication    : Running with Spring Boot v2.0.4.RELEASE, Spring v5.0.8.RELEASE
2018-09-12 16:38:18.117  INFO 16400 --- [main] n.g.s.s.Springboot2LoggingApplication    : No active profile set, falling back to default profiles: default
2018-09-12 16:38:18.172  INFO 16400 --- [main] ConfigServletWebServerApplicationContext : Refreshing org.springframework.boot.web.servlet.context.AnnotationConfigServletWebServerApplicationContext@78aab498: startup date [Wed Sep 12 16:38:18 IST 2018]; root of context hierarchy
2018-09-12 16:38:19.281  INFO 16400 --- [main] o.s.b.w.embedded.tomcat.TomcatWebServer  : Tomcat initialized with port(s): 8080 (http)
2018-09-12 16:38:19.304  INFO 16400 --- [main] o.apache.catalina.core.StandardService   : Starting service [Tomcat]
2018-09-12 16:38:19.304  INFO 16400 --- [main] org.apache.catalina.core.StandardEngine  : Starting Servlet Engine: Apache Tomcat/8.5.32
2018-09-12 16:38:19.309  INFO 16400 --- [localhost-startStop-1] o.a.catalina.core.AprLifecycleListener   : The APR based Apache Tomcat Native library which allows optimal performance in production environments was not found on the java.library.path: [C:\Program Files\Java\jre1.8.0_172\bin;C:\Windows\Sun\Java\bin;C:\Windows\system32;C:\Windows;C:/Program Files/Java/jre1.8.0_172/bin/server;C:/Program Files/Java/jre1.8.0_172/bin;C:/Program Files/Java/jre1.8.0_172/lib/amd64;C:\Program Files (x86)\Common Files\Oracle\Java\javapath;C:\Program Files (x86)\Intel\iCLS Client\;C:\Program Files\Intel\iCLS Client\;C:\Windows\system32;C:\Windows;C:\Windows\System32\Wbem;C:\Windows\System32\WindowsPowerShell\v1.0\;C:\Program Files\Intel\Intel(R) Management Engine Components\DAL;C:\Program Files (x86)\Intel\Intel(R) Management Engine Components\DAL;C:\Program Files\Intel\Intel(R) Management Engine Components\IPT;C:\Program Files (x86)\Intel\Intel(R) Management Engine Components\IPT;C:\Program Files\Intel\WiFi\bin\;C:\Program Files\Common Files\Intel\WirelessCommon\;C:\Program Files (x86)\Common Files\Lenovo;C:\Program Files (x86)\Common Files\lenovo\easyplussdk\bin;C:\ProgramData\Lenovo\ReadyApps;C:\Program Files\Java\jdk1.8.0_172\bin;C:\softwares\apache-maven-3.5.3-bin\apache-maven-3.5.3\bin;C:\Program Files\Git\cmd;C:\Program Files\TortoiseGit\bin;C:\softwares\spring-tool-suite-3.9.5.RELEASE-e4.8.0-win32-x86_64\sts-bundle\sts-3.9.5.RELEASE;;.]
2018-09-12 16:38:19.408  INFO 16400 --- [localhost-startStop-1] o.a.c.c.C.[Tomcat].[localhost].[/]       : Initializing Spring embedded WebApplicationContext
2018-09-12 16:38:19.409  INFO 16400 --- [localhost-startStop-1] o.s.web.context.ContextLoader            : Root WebApplicationContext: initialization completed in 1237 ms
2018-09-12 16:38:19.472  INFO 16400 --- [localhost-startStop-1] o.s.b.w.servlet.ServletRegistrationBean  : Servlet dispatcherServlet mapped to [/]
2018-09-12 16:38:19.476  INFO 16400 --- [localhost-startStop-1] o.s.b.w.servlet.FilterRegistrationBean   : Mapping filter: 'characterEncodingFilter' to: [/*]
2018-09-12 16:38:19.476  INFO 16400 --- [localhost-startStop-1] o.s.b.w.servlet.FilterRegistrationBean   : Mapping filter: 'hiddenHttpMethodFilter' to: [/*]
2018-09-12 16:38:19.476  INFO 16400 --- [localhost-startStop-1] o.s.b.w.servlet.FilterRegistrationBean   : Mapping filter: 'httpPutFormContentFilter' to: [/*]
2018-09-12 16:38:19.476  INFO 16400 --- [localhost-startStop-1] o.s.b.w.servlet.FilterRegistrationBean   : Mapping filter: 'requestContextFilter' to: [/*]
2018-09-12 16:38:19.590  INFO 16400 --- [main] o.s.w.s.handler.SimpleUrlHandlerMapping  : Mapped URL path [/**/favicon.ico] onto handler of type [class org.springframework.web.servlet.resource.ResourceHttpRequestHandler]
2018-09-12 16:38:19.777  INFO 16400 --- [main] s.w.s.m.m.a.RequestMappingHandlerAdapter : Looking for @ControllerAdvice: org.springframework.boot.web.servlet.context.AnnotationConfigServletWebServerApplicationContext@78aab498: startup date [Wed Sep 12 16:38:18 IST 2018]; root of context hierarchy
2018-09-12 16:38:19.832  INFO 16400 --- [main] s.w.s.m.m.a.RequestMappingHandlerMapping : Mapped "{[/hello],methods=[GET]}" onto public java.util.List<net.guides.springboot2.springboot2logging.Article> net.guides.springboot2.springboot2logging.ArticleController.getArticles()
2018-09-12 16:38:19.840  INFO 16400 --- [main] s.w.s.m.m.a.RequestMappingHandlerMapping : Mapped "{[/error]}" onto public org.springframework.http.ResponseEntity<java.util.Map<java.lang.String, java.lang.Object>> org.springframework.boot.autoconfigure.web.servlet.error.BasicErrorController.error(javax.servlet.http.HttpServletRequest)
2018-09-12 16:38:19.841  INFO 16400 --- [main] s.w.s.m.m.a.RequestMappingHandlerMapping : Mapped "{[/error],produces=[text/html]}" onto public org.springframework.web.servlet.ModelAndView org.springframework.boot.autoconfigure.web.servlet.error.BasicErrorController.errorHtml(javax.servlet.http.HttpServletRequest,javax.servlet.http.HttpServletResponse)
2018-09-12 16:38:19.871  INFO 16400 --- [main] o.s.w.s.handler.SimpleUrlHandlerMapping  : Mapped URL path [/webjars/**] onto handler of type [class org.springframework.web.servlet.resource.ResourceHttpRequestHandler]
2018-09-12 16:38:19.871  INFO 16400 --- [main] o.s.w.s.handler.SimpleUrlHandlerMapping  : Mapped URL path [/**] onto handler of type [class org.springframework.web.servlet.resource.ResourceHttpRequestHandler]
2018-09-12 16:38:20.008  INFO 16400 --- [main] o.s.j.e.a.AnnotationMBeanExporter        : Registering beans for JMX exposure on startup
2018-09-12 16:38:20.046  INFO 16400 --- [main] o.s.b.w.embedded.tomcat.TomcatWebServer  : Tomcat started on port(s): 8080 (http) with context path ''
2018-09-12 16:38:20.049  INFO 16400 --- [main] n.g.s.s.Springboot2LoggingApplication    : Started Springboot2LoggingApplication in 2.309 seconds (JVM running for 3.269)
2018-09-12 16:38:23.544  INFO 16400 --- [http-nio-8080-exec-1] o.a.c.c.C.[Tomcat].[localhost].[/]       : Initializing Spring FrameworkServlet 'dispatcherServlet'
2018-09-12 16:38:23.545  INFO 16400 --- [http-nio-8080-exec-1] o.s.web.servlet.DispatcherServlet        : FrameworkServlet 'dispatcherServlet': initialization started
2018-09-12 16:38:23.564  INFO 16400 --- [http-nio-8080-exec-1] o.s.web.servlet.DispatcherServlet        : FrameworkServlet 'dispatcherServlet': initialization completed in 19 ms
2018-09-12 16:38:23.587 DEBUG 16400 --- [http-nio-8080-exec-1] n.g.s.springboot2logging.ArticleService  : inside ArticleController.getArticles() method
2018-09-12 16:38:23.587 DEBUG 16400 --- [http-nio-8080-exec-1] n.g.s.springboot2logging.ArticleService  : inside getArticles() method
2018-09-12 16:40:54.862  INFO 16400 --- [RMI TCP Connection(2)-127.0.0.1] inMXBeanRegistrar$SpringApplicationAdmin : Application shutdown requested.
2018-09-12 16:40:54.863  INFO 16400 --- [RMI TCP Connection(2)-127.0.0.1] ConfigServletWebServerApplicationContext : Closing org.springframework.boot.web.servlet.context.AnnotationConfigServletWebServerApplicationContext@78aab498: startup date [Wed Sep 12 16:38:18 IST 2018]; root of context hierarchy
2018-09-12 16:40:54.867  INFO 16400 --- [RMI TCP Connection(2)-127.0.0.1] o.s.j.e.a.AnnotationMBeanExporter        : Unregistering JMX-exposed beans on shutdown
